<?xml version="1.0" encoding="UTF-8" ?>
<testsuite tests="27" failures="0" name="com.fincatto.documentofiscal.nfe400.classes.nota.NFNotaInfoItemImpostoICMS90Test" time="0" errors="0" skipped="0">
  <properties>
[...]
</properties>
  <testcase classname="com.fincatto.documentofiscal.nfe400.classes.nota.NFNotaInfoItemImpostoICMS90Test" name="naoDevePermitirValorZeradoParaPercentualFundoCombatePobrezaST" time="0"/>
  <testcase classname="com.fincatto.documentofiscal.nfe400.classes.nota.NFNotaInfoItemImpostoICMS90Test" name="naoDevePermitirPercentualAliquotaImpostoICMSST" time="0"/>
  <testcase classname="com.fincatto.documentofiscal.nfe400.classes.nota.NFNotaInfoItemImpostoICMS90Test" name="naoDevePermitirValorZeradoParaPercentualFundoCombatePobreza" time="0"/>
  <testcase classname="com.fincatto.documentofiscal.nfe400.classes.nota.NFNotaInfoItemImpostoICMS90Test" name="naoDevePermitirValorBCTamanhoInvalido" time="0"/>
  <testcase classname="com.fincatto.documentofiscal.nfe400.classes.nota.NFNotaInfoItemImpostoICMS90Test" name="naoDevePermitirPercentualReducaoBCICMSST" time="0"/>
  <testcase classname="com.fincatto.documentofiscal.nfe400.classes.nota.NFNotaInfoItemImpostoICMS90Test" name="devePermitirValorBCSTNulo" time="0"/>
  <testcase classname="com.fincatto.documentofiscal.nfe400.classes.nota.NFNotaInfoItemImpostoICMS90Test" name="devePermitirValorBCNulo" time="0"/>
  <testcase classname="com.fincatto.documentofiscal.nfe400.classes.nota.NFNotaInfoItemImpostoICMS90Test" name="devePermitirPercentualReducaoBCICMSSTNulo" time="0"/>
  <testcase classname="com.fincatto.documentofiscal.nfe400.classes.nota.NFNotaInfoItemImpostoICMS90Test" name="devePermitirPercentualAliquotaNulo" time="0"/>
  <testcase classname="com.fincatto.documentofiscal.nfe400.classes.nota.NFNotaInfoItemImpostoICMS90Test" name="devePermitirICMSDesoneracaoNulo" time="0"/>
  <testcase classname="com.fincatto.documentofiscal.nfe400.classes.nota.NFNotaInfoItemImpostoICMS90Test" name="devePermitirPercentualMargemValorAdicionadoICMSSTNulo" time="0"/>
  <testcase classname="com.fincatto.documentofiscal.nfe400.classes.nota.NFNotaInfoItemImpostoICMS90Test" name="naoDevePermitirPercentualReducaoBC" time="0"/>
  <testcase classname="com.fincatto.documentofiscal.nfe400.classes.nota.NFNotaInfoItemImpostoICMS90Test" name="devePermitirValorTributoNulo" time="0"/>
  <testcase classname="com.fincatto.documentofiscal.nfe400.classes.nota.NFNotaInfoItemImpostoICMS90Test" name="devePermitirPercentualReducaoBCNulo" time="0"/>
  <testcase classname="com.fincatto.documentofiscal.nfe400.classes.nota.NFNotaInfoItemImpostoICMS90Test" name="naoDevePermitirPercentualMargemValorAdicionadoICMSST" time="0"/>
  <testcase classname="com.fincatto.documentofiscal.nfe400.classes.nota.NFNotaInfoItemImpostoICMS90Test" name="devePermitirModalidadeDeterminacaoBCICMSSTNulo" time="0"/>
  <testcase classname="com.fincatto.documentofiscal.nfe400.classes.nota.NFNotaInfoItemImpostoICMS90Test" name="devePermitirModalidadeBCNulo" time="0"/>
  <testcase classname="com.fincatto.documentofiscal.nfe400.classes.nota.NFNotaInfoItemImpostoICMS90Test" name="naoDevePermitirPercentualAliquota" time="0"/>
  <testcase classname="com.fincatto.documentofiscal.nfe400.classes.nota.NFNotaInfoItemImpostoICMS90Test" name="naoDevePermitirSituacaoTributariaNulo" time="0"/>
  <testcase classname="com.fincatto.documentofiscal.nfe400.classes.nota.NFNotaInfoItemImpostoICMS90Test" name="naoDevePermitirValorBCSTTamanhoInvalido" time="0"/>
  <testcase classname="com.fincatto.documentofiscal.nfe400.classes.nota.NFNotaInfoItemImpostoICMS90Test" name="deveGerarXMLDeAcordoComOPadraoEstabelecido" time="0"/>
  <testcase classname="com.fincatto.documentofiscal.nfe400.classes.nota.NFNotaInfoItemImpostoICMS90Test" name="devePermitirPercentualAliquotaImpostoICMSSTNulo" time="0"/>
  <testcase classname="com.fincatto.documentofiscal.nfe400.classes.nota.NFNotaInfoItemImpostoICMS90Test" name="naoDevePermitirOrigemNulo" time="0"/>
  <testcase classname="com.fincatto.documentofiscal.nfe400.classes.nota.NFNotaInfoItemImpostoICMS90Test" name="naoDevePermitirValorTributoTamanhoInvalido" time="0"/>
  <testcase classname="com.fincatto.documentofiscal.nfe400.classes.nota.NFNotaInfoItemImpostoICMS90Test" name="naoDevePermitirValorICMSSTTamanhoInvalido" time="0"/>
  <testcase classname="com.fincatto.documentofiscal.nfe400.classes.nota.NFNotaInfoItemImpostoICMS90Test" name="devePermitirValorICMSSTNulo" time="0"/>
  <testcase classname="com.fincatto.documentofiscal.nfe400.classes.nota.NFNotaInfoItemImpostoICMS90Test" name="devePermitirDenoracaoNulo" time="0"/>
</testsuite>