<?xml version="1.0" encoding="UTF-8" ?>
<testsuite tests="91" failures="0" name="com.fincatto.documentofiscal.nfe400.classes.nota.NFNotaInfoItemProdutoTest" time="0" errors="0" skipped="0">
  <properties>
[...]
</properties>
  <testcase classname="com.fincatto.documentofiscal.nfe400.classes.nota.NFNotaInfoItemProdutoTest" name="deveObterVeiculoComoFoiSetado" time="0"/>
  <testcase classname="com.fincatto.documentofiscal.nfe400.classes.nota.NFNotaInfoItemProdutoTest" name="naoDevePermitirCfopComTamanhoInvalido" time="0"/>
  <testcase classname="com.fincatto.documentofiscal.nfe400.classes.nota.NFNotaInfoItemProdutoTest" name="deveObterNumeroPedidoClienteComoFoiSetado" time="0"/>
  <testcase classname="com.fincatto.documentofiscal.nfe400.classes.nota.NFNotaInfoItemProdutoTest" name="devePermitirCombustivelNulo" time="0"/>
  <testcase classname="com.fincatto.documentofiscal.nfe400.classes.nota.NFNotaInfoItemProdutoTest" name="deveObterCombustivelComoFoiSetado" time="0"/>
  <testcase classname="com.fincatto.documentofiscal.nfe400.classes.nota.NFNotaInfoItemProdutoTest" name="deveObterValorUnitarioTributavelComoFoiSetado" time="0"/>
  <testcase classname="com.fincatto.documentofiscal.nfe400.classes.nota.NFNotaInfoItemProdutoTest" name="naoDevePermitirValorOutrasDespesasAcessoriasComTamanhoInvalido" time="0"/>
  <testcase classname="com.fincatto.documentofiscal.nfe400.classes.nota.NFNotaInfoItemProdutoTest" name="naoDevePermitirSetarRECOPICasoVeiculoMedicamentoCombustivelSetadoOuArmamento" time="0"/>
  <testcase classname="com.fincatto.documentofiscal.nfe400.classes.nota.NFNotaInfoItemProdutoTest" name="deveObterDetalhesExportacaoComoFoiSetado" time="0"/>
  <testcase classname="com.fincatto.documentofiscal.nfe400.classes.nota.NFNotaInfoItemProdutoTest" name="devePermitirDeclaracoesImportacaoNulo" time="0"/>
  <testcase classname="com.fincatto.documentofiscal.nfe400.classes.nota.NFNotaInfoItemProdutoTest" name="deveObterNumeroControleFCIComoFoiSetado" time="0"/>
  <testcase classname="com.fincatto.documentofiscal.nfe400.classes.nota.NFNotaInfoItemProdutoTest" name="naoDevePermitirNcmNulo" time="0"/>
  <testcase classname="com.fincatto.documentofiscal.nfe400.classes.nota.NFNotaInfoItemProdutoTest" name="deveObterCodigoEspecificadorSituacaoTributariaComoFoiSetado" time="0"/>
  <testcase classname="com.fincatto.documentofiscal.nfe400.classes.nota.NFNotaInfoItemProdutoTest" name="deveObterValorDescontoComoFoiSetado" time="0"/>
  <testcase classname="com.fincatto.documentofiscal.nfe400.classes.nota.NFNotaInfoItemProdutoTest" name="deveObterCodigoDeBarrasComoFoiSetado" time="0"/>
  <testcase classname="com.fincatto.documentofiscal.nfe400.classes.nota.NFNotaInfoItemProdutoTest" name="naoDevePermitirQuantidadeComercialNulo" time="0"/>
  <testcase classname="com.fincatto.documentofiscal.nfe400.classes.nota.NFNotaInfoItemProdutoTest" name="naoDevePermitirValorTotalBrutoNulo" time="0"/>
  <testcase classname="com.fincatto.documentofiscal.nfe400.classes.nota.NFNotaInfoItemProdutoTest" name="deveObterArmamentosComoFoiSetado" time="0"/>
  <testcase classname="com.fincatto.documentofiscal.nfe400.classes.nota.NFNotaInfoItemProdutoTest" name="naoDeveCodigoDeBarrasComTamanhoInvalido" time="0"/>
  <testcase classname="com.fincatto.documentofiscal.nfe400.classes.nota.NFNotaInfoItemProdutoTest" name="naoDevePermitirDescricaoComTamanhoInvalido" time="0"/>
  <testcase classname="com.fincatto.documentofiscal.nfe400.classes.nota.NFNotaInfoItemProdutoTest" name="deveObterNomeclaturaValorAduaneiroEstatisticaComoFoiSetado" time="0"/>
  <testcase classname="com.fincatto.documentofiscal.nfe400.classes.nota.NFNotaInfoItemProdutoTest" name="devePermitirVeiculoNulo" time="0"/>
  <testcase classname="com.fincatto.documentofiscal.nfe400.classes.nota.NFNotaInfoItemProdutoTest" name="naoDevePermitirValorTotalBrutoComTamanhoInvalido" time="0"/>
  <testcase classname="com.fincatto.documentofiscal.nfe400.classes.nota.NFNotaInfoItemProdutoTest" name="naoDevePermitirCodigoDeBarrasTributavelNulo" time="0"/>
  <testcase classname="com.fincatto.documentofiscal.nfe400.classes.nota.NFNotaInfoItemProdutoTest" name="naoDevePermitirSetarArmamentoCasoVeiculoMedicamentoCombustivelOuRECOPISetado" time="0"/>
  <testcase classname="com.fincatto.documentofiscal.nfe400.classes.nota.NFNotaInfoItemProdutoTest" name="deveObterDeclaracoesImportacaoComoFoiSetado" time="0"/>
  <testcase classname="com.fincatto.documentofiscal.nfe400.classes.nota.NFNotaInfoItemProdutoTest" name="devePermitirNumeroPedidoItemClienteNulo" time="0"/>
  <testcase classname="com.fincatto.documentofiscal.nfe400.classes.nota.NFNotaInfoItemProdutoTest" name="naoDevePermitirValorUnitarioTributavelComTamanhoInvalido" time="0"/>
  <testcase classname="com.fincatto.documentofiscal.nfe400.classes.nota.NFNotaInfoItemProdutoTest" name="devePermitirArmamentosNulo" time="0"/>
  <testcase classname="com.fincatto.documentofiscal.nfe400.classes.nota.NFNotaInfoItemProdutoTest" name="naoDevePermitirValorUnitarioComTamanhoInvalido" time="0"/>
  <testcase classname="com.fincatto.documentofiscal.nfe400.classes.nota.NFNotaInfoItemProdutoTest" name="naoDevePermitirCompoeValotNotaNulo" time="0"/>
  <testcase classname="com.fincatto.documentofiscal.nfe400.classes.nota.NFNotaInfoItemProdutoTest" name="naoDevePermitirUnidadeComercialNulo" time="0"/>
  <testcase classname="com.fincatto.documentofiscal.nfe400.classes.nota.NFNotaInfoItemProdutoTest" name="naoDevePermitirSetarMedicamentoCasoVeiculoArmamentoCombustivelOuRECOPISetado" time="0"/>
  <testcase classname="com.fincatto.documentofiscal.nfe400.classes.nota.NFNotaInfoItemProdutoTest" name="naoDevePermitirValorFreteComTamanhoInvalido" time="0"/>
  <testcase classname="com.fincatto.documentofiscal.nfe400.classes.nota.NFNotaInfoItemProdutoTest" name="naoDevePermitirUnidadeTributavelComTamanhoInvalido" time="0"/>
  <testcase classname="com.fincatto.documentofiscal.nfe400.classes.nota.NFNotaInfoItemProdutoTest" name="deveObterValorUnitarioComoFoiSetado" time="0"/>
  <testcase classname="com.fincatto.documentofiscal.nfe400.classes.nota.NFNotaInfoItemProdutoTest" name="naoDevePermitirCodigoDeBarrasNulo" time="0"/>
  <testcase classname="com.fincatto.documentofiscal.nfe400.classes.nota.NFNotaInfoItemProdutoTest" name="deveObterCfopComoFoiSetado" time="0"/>
  <testcase classname="com.fincatto.documentofiscal.nfe400.classes.nota.NFNotaInfoItemProdutoTest" name="naoDevePermitirCodigoComTamanhoInvalido" time="0"/>
  <testcase classname="com.fincatto.documentofiscal.nfe400.classes.nota.NFNotaInfoItemProdutoTest" name="devePermitirNumeroPedidoClienteNulo" time="0"/>
  <testcase classname="com.fincatto.documentofiscal.nfe400.classes.nota.NFNotaInfoItemProdutoTest" name="deveGerarTagsCeansVaziasQuandoProdutoNaoPossuiCodigoDeBarras" time="0"/>
  <testcase classname="com.fincatto.documentofiscal.nfe400.classes.nota.NFNotaInfoItemProdutoTest" name="naoDevePermitirNomeclaturaForaDoPadrao" time="0"/>
  <testcase classname="com.fincatto.documentofiscal.nfe400.classes.nota.NFNotaInfoItemProdutoTest" name="naoDevePermitirNumeroPedidoItemClienteComTamanhoInvalido" time="0"/>
  <testcase classname="com.fincatto.documentofiscal.nfe400.classes.nota.NFNotaInfoItemProdutoTest" name="naoDevePermitirQuantidadeTributavelComTamanhoInvalido" time="0"/>
  <testcase classname="com.fincatto.documentofiscal.nfe400.classes.nota.NFNotaInfoItemProdutoTest" name="deveObterCodigoComoFoiSetado" time="0"/>
  <testcase classname="com.fincatto.documentofiscal.nfe400.classes.nota.NFNotaInfoItemProdutoTest" name="devePermitirValorFreteNulo" time="0"/>
  <testcase classname="com.fincatto.documentofiscal.nfe400.classes.nota.NFNotaInfoItemProdutoTest" name="naoDevePermitirCESTComTamanhoInvalido" time="0"/>
  <testcase classname="com.fincatto.documentofiscal.nfe400.classes.nota.NFNotaInfoItemProdutoTest" name="deveGerarXMLComCeanECeanTribVaziosCasoSejaNuloAoSerParseado" time="0"/>
  <testcase classname="com.fincatto.documentofiscal.nfe400.classes.nota.NFNotaInfoItemProdutoTest" name="naoDevePermitirSetarVeiculoCasoArmamentoOuCombustivelOuRECOPISetado" time="0"/>
  <testcase classname="com.fincatto.documentofiscal.nfe400.classes.nota.NFNotaInfoItemProdutoTest" name="naoDevePermitirNumeroPedidoClienteComTamanhoInvalido" time="0"/>
  <testcase classname="com.fincatto.documentofiscal.nfe400.classes.nota.NFNotaInfoItemProdutoTest" name="deveObterValorSeguroComoFoiSetado" time="0"/>
  <testcase classname="com.fincatto.documentofiscal.nfe400.classes.nota.NFNotaInfoItemProdutoTest" name="naoDevePermitirValorUnitarioNulo" time="0"/>
  <testcase classname="com.fincatto.documentofiscal.nfe400.classes.nota.NFNotaInfoItemProdutoTest" name="naoDevePermitirNcmComTamanhoInvalido" time="0"/>
  <testcase classname="com.fincatto.documentofiscal.nfe400.classes.nota.NFNotaInfoItemProdutoTest" name="deveGerarXMLDeAcordoComOPadraoEstabelecido" time="0"/>
  <testcase classname="com.fincatto.documentofiscal.nfe400.classes.nota.NFNotaInfoItemProdutoTest" name="naoDevePermitirQuantidadeTributavelNulo" time="0"/>
  <testcase classname="com.fincatto.documentofiscal.nfe400.classes.nota.NFNotaInfoItemProdutoTest" name="deveObterQuantidadeTributavelComoFoiSetado" time="0"/>
  <testcase classname="com.fincatto.documentofiscal.nfe400.classes.nota.NFNotaInfoItemProdutoTest" name="naoDevePermitirValorDescontoComTamanhoInvalido" time="0"/>
  <testcase classname="com.fincatto.documentofiscal.nfe400.classes.nota.NFNotaInfoItemProdutoTest" name="deveObterNcmComoFoiSetado" time="0"/>
  <testcase classname="com.fincatto.documentofiscal.nfe400.classes.nota.NFNotaInfoItemProdutoTest" name="devePermitirDescricaoNulo" time="0"/>
  <testcase classname="com.fincatto.documentofiscal.nfe400.classes.nota.NFNotaInfoItemProdutoTest" name="deveObterCodigoDeBarrasTributavelComoFoiSetado" time="0"/>
  <testcase classname="com.fincatto.documentofiscal.nfe400.classes.nota.NFNotaInfoItemProdutoTest" name="deveObterValorFreteComoFoiSetado" time="0"/>
  <testcase classname="com.fincatto.documentofiscal.nfe400.classes.nota.NFNotaInfoItemProdutoTest" name="naoDevePermitirUnidadeTributavelNulo" time="0"/>
  <testcase classname="com.fincatto.documentofiscal.nfe400.classes.nota.NFNotaInfoItemProdutoTest" name="naoDevePermitirDetalhesImportacaoTamanhoInvalido" time="0"/>
  <testcase classname="com.fincatto.documentofiscal.nfe400.classes.nota.NFNotaInfoItemProdutoTest" name="naoDevePermitirNumeroControleComFormatoInvalido" time="0"/>
  <testcase classname="com.fincatto.documentofiscal.nfe400.classes.nota.NFNotaInfoItemProdutoTest" name="deveObterCompoeValorNotaComoFoiSetado" time="0"/>
  <testcase classname="com.fincatto.documentofiscal.nfe400.classes.nota.NFNotaInfoItemProdutoTest" name="naoDeveCodigoDeBarrasTributavelComTamanhoInvalido" time="0"/>
  <testcase classname="com.fincatto.documentofiscal.nfe400.classes.nota.NFNotaInfoItemProdutoTest" name="naoDevePermitirValorUnitarioTributavelNulo" time="0"/>
  <testcase classname="com.fincatto.documentofiscal.nfe400.classes.nota.NFNotaInfoItemProdutoTest" name="devePermitirValorOutrasDespesasAcessoriasNulo" time="0"/>
  <testcase classname="com.fincatto.documentofiscal.nfe400.classes.nota.NFNotaInfoItemProdutoTest" name="deveObterNumeroPedidoItemClienteComoFoiSetado" time="0"/>
  <testcase classname="com.fincatto.documentofiscal.nfe400.classes.nota.NFNotaInfoItemProdutoTest" name="deveObterNnidadeComercialComoFoiSetado" time="0"/>
  <testcase classname="com.fincatto.documentofiscal.nfe400.classes.nota.NFNotaInfoItemProdutoTest" name="deveObterNnidadeTributavelComoFoiSetado" time="0"/>
  <testcase classname="com.fincatto.documentofiscal.nfe400.classes.nota.NFNotaInfoItemProdutoTest" name="deveObterNumeroRECOPIComoFoiSetado" time="0"/>
  <testcase classname="com.fincatto.documentofiscal.nfe400.classes.nota.NFNotaInfoItemProdutoTest" name="deveObterValorTotalBrutoComoFoiSetado" time="0"/>
  <testcase classname="com.fincatto.documentofiscal.nfe400.classes.nota.NFNotaInfoItemProdutoTest" name="naoDevePermitirExtipiComTamanhoInvalido" time="0"/>
  <testcase classname="com.fincatto.documentofiscal.nfe400.classes.nota.NFNotaInfoItemProdutoTest" name="deveObterDescricaoComoFoiSetado" time="0"/>
  <testcase classname="com.fincatto.documentofiscal.nfe400.classes.nota.NFNotaInfoItemProdutoTest" name="devePermitirMedicamentosNulo" time="0"/>
  <testcase classname="com.fincatto.documentofiscal.nfe400.classes.nota.NFNotaInfoItemProdutoTest" name="naoDevePermitirCfopNulo" time="0"/>
  <testcase classname="com.fincatto.documentofiscal.nfe400.classes.nota.NFNotaInfoItemProdutoTest" name="deveObterValorOutrasDespesasAcessoriasComoFoiSetado" time="0"/>
  <testcase classname="com.fincatto.documentofiscal.nfe400.classes.nota.NFNotaInfoItemProdutoTest" name="devePermitirsetNomeclaturaValorAduaneiroEstatisticaNulo" time="0"/>
  <testcase classname="com.fincatto.documentofiscal.nfe400.classes.nota.NFNotaInfoItemProdutoTest" name="naoDevePermitirUnidadeComercialComTamanhoInvalido" time="0"/>
  <testcase classname="com.fincatto.documentofiscal.nfe400.classes.nota.NFNotaInfoItemProdutoTest" name="devePermitirValorSeguroNulo" time="0"/>
  <testcase classname="com.fincatto.documentofiscal.nfe400.classes.nota.NFNotaInfoItemProdutoTest" name="naoDevePermitirCodigoNulo" time="0"/>
  <testcase classname="com.fincatto.documentofiscal.nfe400.classes.nota.NFNotaInfoItemProdutoTest" name="devePermitirValorDescontoNulo" time="0"/>
  <testcase classname="com.fincatto.documentofiscal.nfe400.classes.nota.NFNotaInfoItemProdutoTest" name="deveObterQuantidadeComercialComoFoiSetado" time="0"/>
  <testcase classname="com.fincatto.documentofiscal.nfe400.classes.nota.NFNotaInfoItemProdutoTest" name="devePermitirExtipiNulo" time="0"/>
  <testcase classname="com.fincatto.documentofiscal.nfe400.classes.nota.NFNotaInfoItemProdutoTest" name="naoDevePermitirQuantidadeComercialComTamanhoInvalido" time="0"/>
  <testcase classname="com.fincatto.documentofiscal.nfe400.classes.nota.NFNotaInfoItemProdutoTest" name="naoDevePermitirValorSeguroComTamanhoInvalido" time="0"/>
  <testcase classname="com.fincatto.documentofiscal.nfe400.classes.nota.NFNotaInfoItemProdutoTest" name="deveObterMedicamentosComoFoiSetado" time="0"/>
  <testcase classname="com.fincatto.documentofiscal.nfe400.classes.nota.NFNotaInfoItemProdutoTest" name="deveObterExtipiComoFoiSetado" time="0"/>
  <testcase classname="com.fincatto.documentofiscal.nfe400.classes.nota.NFNotaInfoItemProdutoTest" name="deveRetornarSEMGTINCasoNaoPossuaCodigoDeBarras" time="0"/>
  <testcase classname="com.fincatto.documentofiscal.nfe400.classes.nota.NFNotaInfoItemProdutoTest" name="devePermitirDetalhesExportacaoNulo" time="0"/>
</testsuite>